#
# There is insufficient memory for the Java Runtime Environment to continue.
# Native memory allocation (malloc) failed to allocate 1786256 bytes for Chunk::new
# Possible reasons:
#   The system is out of physical RAM or swap space
#   In 32 bit mode, the process size limit was hit
# Possible solutions:
#   Reduce memory load on the system
#   Increase physical memory or swap space
#   Check if swap backing store is full
#   Use 64 bit Java on a 64 bit OS
#   Decrease Java heap size (-Xmx/-Xms)
#   Decrease number of Java threads
#   Decrease Java thread stack sizes (-Xss)
#   Set larger code cache with -XX:ReservedCodeCacheSize=
# This output file may be truncated or incomplete.
#
#  Out of Memory Error (allocation.cpp:390), pid=4432, tid=0x0000000000003374
#
# JRE version: Java(TM) SE Runtime Environment (8.0_172-b11) (build 1.8.0_172-b11)
# Java VM: Java HotSpot(TM) 64-Bit Server VM (25.172-b11 mixed mode windows-amd64 compressed oops)
# Failed to write core dump. Minidumps are not enabled by default on client versions of Windows
#

---------------  T H R E A D  ---------------

Current thread (0x0000000015d05800):  JavaThread "C2 CompilerThread0" daemon [_thread_in_native, id=13172, stack(0x0000000017370000,0x0000000017470000)]

Stack: [0x0000000017370000,0x0000000017470000]
[error occurred during error reporting (printing stack bounds), id 0xc0000005]

Native frames: (J=compiled Java code, j=interpreted, Vv=VM code, C=native code)


Current CompileTask:
C2:  21552 6417   !   4       com.sun.beans.TypeResolver::resolve (274 bytes)


---------------  P R O C E S S  ---------------

Java Threads: ( => current thread )
  0x000000001fbcc000 JavaThread "Cache worker for execution history cache (C:\Users\Nigmus\IdeaProjects\CodewarsKorlin22\.gradle\7.3.3\executionHistory)" [_thread_blocked, id=12656, stack(0x0000000027a80000,0x0000000027b80000)]
  0x000000001fbc4000 JavaThread "Execution worker for ':' Thread 11" [_thread_blocked, id=12460, stack(0x0000000027980000,0x0000000027a80000)]
  0x000000001fbc4800 JavaThread "Execution worker for ':' Thread 10" [_thread_blocked, id=3716, stack(0x0000000027880000,0x0000000027980000)]
  0x000000001fbc7000 JavaThread "Execution worker for ':' Thread 9" [_thread_blocked, id=10468, stack(0x0000000027180000,0x0000000027280000)]
  0x000000001fbc9000 JavaThread "Execution worker for ':' Thread 8" [_thread_blocked, id=12132, stack(0x0000000027080000,0x0000000027180000)]
  0x000000001fbca800 JavaThread "Execution worker for ':' Thread 7" [_thread_blocked, id=12668, stack(0x0000000026f80000,0x0000000027080000)]
  0x0000000023cde800 JavaThread "Execution worker for ':' Thread 6" [_thread_blocked, id=12608, stack(0x0000000026e80000,0x0000000026f80000)]
  0x0000000023cdb800 JavaThread "Execution worker for ':' Thread 5" [_thread_blocked, id=12896, stack(0x0000000026d80000,0x0000000026e80000)]
  0x0000000023cdd000 JavaThread "Execution worker for ':' Thread 4" [_thread_blocked, id=3028, stack(0x0000000025a60000,0x0000000025b60000)]
  0x0000000023cdf800 JavaThread "Execution worker for ':' Thread 3" [_thread_blocked, id=12364, stack(0x0000000025960000,0x0000000025a60000)]
  0x0000000023ce0000 JavaThread "Execution worker for ':' Thread 2" [_thread_blocked, id=2396, stack(0x0000000025860000,0x0000000025960000)]
  0x0000000023cde000 JavaThread "Execution worker for ':'" [_thread_in_native, id=12372, stack(0x0000000025760000,0x0000000025860000)]
  0x0000000023cdb000 JavaThread "Unconstrained build operations Thread 33" [_thread_blocked, id=12348, stack(0x0000000023710000,0x0000000023810000)]
  0x0000000023cda000 JavaThread "Unconstrained build operations Thread 32" [_thread_blocked, id=12480, stack(0x0000000023610000,0x0000000023710000)]
  0x0000000023cdc800 JavaThread "Unconstrained build operations Thread 31" [_thread_blocked, id=12856, stack(0x0000000023510000,0x0000000023610000)]
  0x0000000023cd9800 JavaThread "Unconstrained build operations Thread 30" [_thread_blocked, id=12484, stack(0x0000000023410000,0x0000000023510000)]
  0x0000000023cd2000 JavaThread "Unconstrained build operations Thread 29" [_thread_blocked, id=9764, stack(0x0000000023310000,0x0000000023410000)]
  0x0000000023cd8800 JavaThread "Unconstrained build operations Thread 28" [_thread_blocked, id=13092, stack(0x0000000023210000,0x0000000023310000)]
  0x0000000023cd8000 JavaThread "Unconstrained build operations Thread 27" [_thread_blocked, id=13164, stack(0x0000000023110000,0x0000000023210000)]
  0x0000000023cd3800 JavaThread "Unconstrained build operations Thread 26" [_thread_blocked, id=12696, stack(0x0000000023010000,0x0000000023110000)]
  0x0000000023cd2800 JavaThread "Unconstrained build operations Thread 25" [_thread_blocked, id=5852, stack(0x0000000022f10000,0x0000000023010000)]
  0x0000000023cd6800 JavaThread "Unconstrained build operations Thread 24" [_thread_blocked, id=12584, stack(0x0000000022e10000,0x0000000022f10000)]
  0x0000000023cd7000 JavaThread "Unconstrained build operations Thread 23" [_thread_blocked, id=7616, stack(0x0000000022d10000,0x0000000022e10000)]
  0x0000000023cd5800 JavaThread "Unconstrained build operations Thread 22" [_thread_blocked, id=13052, stack(0x0000000022c10000,0x0000000022d10000)]
  0x0000000023cd5000 JavaThread "Unconstrained build operations Thread 21" [_thread_blocked, id=12876, stack(0x0000000022b10000,0x0000000022c10000)]
  0x0000000023cd1000 JavaThread "Unconstrained build operations Thread 20" [_thread_blocked, id=10772, stack(0x0000000022a10000,0x0000000022b10000)]
  0x0000000023cd4000 JavaThread "Unconstrained build operations Thread 19" [_thread_blocked, id=13228, stack(0x0000000022910000,0x0000000022a10000)]
  0x000000001b881000 JavaThread "Unconstrained build operations Thread 18" [_thread_blocked, id=12340, stack(0x0000000022810000,0x0000000022910000)]
  0x000000001b888000 JavaThread "Unconstrained build operations Thread 17" [_thread_blocked, id=1924, stack(0x0000000022710000,0x0000000022810000)]
  0x000000001b887000 JavaThread "Unconstrained build operations Thread 16" [_thread_blocked, id=12380, stack(0x0000000022610000,0x0000000022710000)]
  0x000000001b885800 JavaThread "Unconstrained build operations Thread 15" [_thread_blocked, id=12968, stack(0x0000000022510000,0x0000000022610000)]
  0x000000001c4ed000 JavaThread "Unconstrained build operations Thread 14" [_thread_blocked, id=12892, stack(0x0000000022410000,0x0000000022510000)]
  0x000000001c4f0800 JavaThread "Unconstrained build operations Thread 13" [_thread_blocked, id=12428, stack(0x0000000022310000,0x0000000022410000)]
  0x000000001c4eb800 JavaThread "Unconstrained build operations Thread 12" [_thread_blocked, id=13036, stack(0x0000000022210000,0x0000000022310000)]
  0x000000001c4ea800 JavaThread "Unconstrained build operations Thread 11" [_thread_blocked, id=7984, stack(0x0000000022110000,0x0000000022210000)]
  0x000000001c4f0000 JavaThread "Unconstrained build operations Thread 10" [_thread_blocked, id=1752, stack(0x0000000022010000,0x0000000022110000)]
  0x000000001c4ea000 JavaThread "Unconstrained build operations Thread 9" [_thread_blocked, id=3848, stack(0x0000000021f10000,0x0000000022010000)]
  0x000000001c4ef000 JavaThread "Unconstrained build operations Thread 8" [_thread_blocked, id=5508, stack(0x0000000021e10000,0x0000000021f10000)]
  0x000000001c4ee800 JavaThread "Unconstrained build operations Thread 7" [_thread_blocked, id=10512, stack(0x0000000021d10000,0x0000000021e10000)]
  0x000000001c4ed800 JavaThread "Unconstrained build operations Thread 6" [_thread_blocked, id=12640, stack(0x0000000021c10000,0x0000000021d10000)]
  0x000000001c4ec000 JavaThread "Unconstrained build operations Thread 5" [_thread_blocked, id=13000, stack(0x0000000021b10000,0x0000000021c10000)]
  0x000000001c4e2800 JavaThread "Unconstrained build operations Thread 4" [_thread_blocked, id=12676, stack(0x0000000021a10000,0x0000000021b10000)]
  0x000000001c4e5800 JavaThread "Unconstrained build operations Thread 3" [_thread_blocked, id=13192, stack(0x0000000021910000,0x0000000021a10000)]
  0x000000001fc18800 JavaThread "Unconstrained build operations Thread 2" [_thread_blocked, id=12156, stack(0x0000000021810000,0x0000000021910000)]
  0x000000001fc17000 JavaThread "Unconstrained build operations" [_thread_blocked, id=9612, stack(0x0000000021440000,0x0000000021540000)]
  0x000000001fc16800 JavaThread "Cache worker for Build Output Cleanup Cache (C:\Users\Nigmus\IdeaProjects\CodewarsKorlin22\.gradle\buildOutputCleanup)" [_thread_blocked, id=4336, stack(0x0000000020d40000,0x0000000020e40000)]
  0x000000001fc15800 JavaThread "Cache worker for dependencies-accessors (C:\Users\Nigmus\IdeaProjects\CodewarsKorlin22\.gradle\7.3.3\dependencies-accessors)" [_thread_blocked, id=11636, stack(0x0000000020690000,0x0000000020790000)]
  0x000000001fc18000 JavaThread "Cache worker for cache directory md-rule (C:\Users\Nigmus\.gradle\caches\7.3.3\md-rule)" [_thread_blocked, id=3052, stack(0x000000001d5a0000,0x000000001d6a0000)]
  0x000000001fc15000 JavaThread "Cache worker for cache directory md-supplier (C:\Users\Nigmus\.gradle\caches\7.3.3\md-supplier)" [_thread_blocked, id=12336, stack(0x000000001d2a0000,0x000000001d3a0000)]
  0x000000001fc1b000 JavaThread "Cache worker for checksums cache (C:\Users\Nigmus\IdeaProjects\CodewarsKorlin22\.gradle\7.3.3\checksums)" [_thread_blocked, id=6376, stack(0x000000001d1a0000,0x000000001d2a0000)]
  0x000000001fc19800 JavaThread "Cache worker for file hash cache (C:\Users\Nigmus\IdeaProjects\CodewarsKorlin22\.gradle\7.3.3\fileHashes)" [_thread_blocked, id=12320, stack(0x000000001cca0000,0x000000001cda0000)]
  0x000000001fc1a000 JavaThread "Daemon client event forwarder" [_thread_blocked, id=12232, stack(0x000000001b2d0000,0x000000001b3d0000)]
  0x000000001fc0d800 JavaThread "Stdin handler" [_thread_blocked, id=12384, stack(0x000000001b1d0000,0x000000001b2d0000)]
  0x000000001fc14000 JavaThread "Asynchronous log dispatcher for DefaultDaemonConnection: socket connection from /127.0.0.1:54917 to /127.0.0.1:54924" [_thread_blocked, id=13256, stack(0x000000001b0d0000,0x000000001b1d0000)]
  0x000000001fc0c800 JavaThread "Cancel handler" [_thread_blocked, id=12712, stack(0x000000001aed0000,0x000000001afd0000)]
  0x000000001fc11000 JavaThread "Handler for socket connection from /127.0.0.1:54917 to /127.0.0.1:54924" [_thread_in_native, id=7344, stack(0x000000001add0000,0x000000001aed0000)]
  0x000000001fc0f800 JavaThread "Memory manager" [_thread_blocked, id=13100, stack(0x0000000021340000,0x0000000021440000)]
  0x000000001fc0c000 JavaThread "jar transforms Thread 12" [_thread_blocked, id=13060, stack(0x0000000024e60000,0x0000000024f60000)]
  0x000000001fc0e000 JavaThread "jar transforms Thread 11" [_thread_blocked, id=12964, stack(0x0000000024d60000,0x0000000024e60000)]
  0x000000001fc10800 JavaThread "jar transforms Thread 10" [_thread_blocked, id=4192, stack(0x0000000024c60000,0x0000000024d60000)]
  0x000000001fc12000 JavaThread "jar transforms Thread 9" [_thread_blocked, id=6928, stack(0x0000000024b60000,0x0000000024c60000)]
  0x000000001fc12800 JavaThread "jar transforms Thread 8" [_thread_blocked, id=12300, stack(0x0000000021710000,0x0000000021810000)]
  0x000000001fc0f000 JavaThread "jar transforms Thread 7" [_thread_blocked, id=8616, stack(0x0000000021610000,0x0000000021710000)]
  0x000000001c4e3000 JavaThread "jar transforms Thread 6" [_thread_blocked, id=8440, stack(0x0000000020e40000,0x0000000020f40000)]
  0x000000001c4e4800 JavaThread "jar transforms Thread 5" [_thread_blocked, id=2308, stack(0x0000000020590000,0x0000000020690000)]
  0x000000001c4e8800 JavaThread "Cache worker for kotlin-dsl (C:\Users\Nigmus\.gradle\caches\7.3.3\kotlin-dsl)" [_thread_blocked, id=8120, stack(0x000000001f4c0000,0x000000001f5c0000)]
  0x000000001c4e9000 JavaThread "jar transforms Thread 4" [_thread_blocked, id=236, stack(0x000000001f3c0000,0x000000001f4c0000)]
  0x000000001c4e7800 JavaThread "jar transforms Thread 3" [_thread_blocked, id=12932, stack(0x000000001f2c0000,0x000000001f3c0000)]
  0x000000001c4e1800 JavaThread "Cache worker for file content cache (C:\Users\Nigmus\.gradle\caches\7.3.3\fileContent)" [_thread_blocked, id=12924, stack(0x000000001d9a0000,0x000000001daa0000)]
  0x000000001c4e7000 JavaThread "jar transforms Thread 2" [_thread_blocked, id=13260, stack(0x000000001d6a0000,0x000000001d7a0000)]
  0x000000001c4e6000 JavaThread "jar transforms" [_thread_blocked, id=10264, stack(0x000000001edc0000,0x000000001eec0000)]
  0x000000001b882800 JavaThread "Cache worker for execution history cache (C:\Users\Nigmus\.gradle\caches\7.3.3\executionHistory)" [_thread_blocked, id=12388, stack(0x000000001daf0000,0x000000001dbf0000)]
  0x000000001b886800 JavaThread "File watcher consumer" daemon [_thread_blocked, id=9864, stack(0x000000001cea0000,0x000000001cfa0000)]
  0x000000001b882000 JavaThread "File watcher server" daemon [_thread_in_native, id=7024, stack(0x000000001cda0000,0x000000001cea0000)]
  0x000000001b884000 JavaThread "Cache worker for file hash cache (C:\Users\Nigmus\.gradle\caches\7.3.3\fileHashes)" [_thread_blocked, id=6856, stack(0x000000001c7a0000,0x000000001c8a0000)]
  0x000000001b883800 JavaThread "File lock request listener" [_thread_in_native, id=6304, stack(0x000000001c6a0000,0x000000001c7a0000)]
  0x000000001b885000 JavaThread "Cache worker for journal cache (C:\Users\Nigmus\.gradle\caches\journal-1)" [_thread_blocked, id=3476, stack(0x000000001c5a0000,0x000000001c6a0000)]
  0x00000000196fe000 JavaThread "Daemon worker" [_thread_blocked, id=9608, stack(0x000000001afd0000,0x000000001b0d0000)]
  0x0000000019682800 JavaThread "Daemon" [_thread_blocked, id=2216, stack(0x000000001acd0000,0x000000001add0000)]
  0x000000001965e800 JavaThread "Daemon periodic checks" [_thread_blocked, id=12716, stack(0x000000001a9d0000,0x000000001aad0000)]
  0x000000001965d800 JavaThread "Incoming local TCP Connector on port 54917" [_thread_in_native, id=13156, stack(0x000000001a780000,0x000000001a880000)]
  0x00000000194a4800 JavaThread "Daemon health stats" [_thread_blocked, id=3844, stack(0x0000000019140000,0x0000000019240000)]
  0x0000000015d4e000 JavaThread "Service Thread" daemon [_thread_blocked, id=7388, stack(0x0000000017770000,0x0000000017870000)]
  0x0000000015d18000 JavaThread "C1 CompilerThread3" daemon [_thread_blocked, id=3016, stack(0x0000000017670000,0x0000000017770000)]
  0x0000000015d16800 JavaThread "C2 CompilerThread2" daemon [_thread_blocked, id=6388, stack(0x0000000017570000,0x0000000017670000)]
  0x0000000015d0d800 JavaThread "C2 CompilerThread1" daemon [_thread_in_native, id=4684, stack(0x0000000017470000,0x0000000017570000)]
=>0x0000000015d05800 JavaThread "C2 CompilerThread0" daemon [_thread_in_native, id=13172, stack(0x0000000017370000,0x0000000017470000)]
  0x0000000015d02800 JavaThread "Attach Listener" daemon [_thread_blocked, id=12496, stack(0x0000000017270000,0x0000000017370000)]
  0x0000000015d01000 JavaThread "Signal Dispatcher" daemon [_thread_blocked, id=4692, stack(0x0000000017170000,0x0000000017270000)]
  0x0000000015cf3000 JavaThread "Finalizer" daemon [_thread_blocked, id=12508, stack(0x0000000016f60000,0x0000000017060000)]
  0x000000001462c800 JavaThread "Reference Handler" daemon [_thread_blocked, id=5308, stack(0x0000000016e60000,0x0000000016f60000)]
  0x000000000296e000 JavaThread "main" [_thread_blocked, id=3540, stack(0x0000000002a70000,0x0000000002b70000)]

Other Threads:
  0x0000000014627000 VMThread [stack: 0x0000000016d60000,0x0000000016e60000] [id=6916]
  0x0000000015db2800 WatcherThread [stack: 0x0000000017870000,0x0000000017970000] [id=10376]

VM state:not at safepoint (normal execution)

VM Mutex/Monitor currently owned by a thread: None

Heap:
 PSYoungGen      total 157184K, used 89829K [0x00000000f5580000, 0x0000000100000000, 0x0000000100000000)
  eden space 139776K, 59% used [0x00000000f5580000,0x00000000fa64e8f8,0x00000000fde00000)
  from space 17408K, 40% used [0x00000000fde00000,0x00000000fe4eab98,0x00000000fef00000)
  to   space 17408K, 0% used [0x00000000fef00000,0x00000000fef00000,0x0000000100000000)
 ParOldGen       total 175104K, used 27853K [0x00000000e0000000, 0x00000000eab00000, 0x00000000f5580000)
  object space 175104K, 15% used [0x00000000e0000000,0x00000000e1b33518,0x00000000eab00000)
 Metaspace       used 61645K, capacity 65496K, committed 65792K, reserved 1105920K
  class space    used 8925K, capacity 9625K, committed 9728K, reserved 1048576K

Card table byte_map: [0x0000000012030000,0x0000000012140000] byte_map_base: 0x0000000011930000

Marking Bits: (ParMarkBitMap*) 0x00000000685e3c10
 Begin Bits: [0x0000000012b40000, 0x0000000013340000)
 End Bits:   [0x0000000013340000, 0x0000000013b40000)

Polling page: 0x00000000010a0000

CodeCache: size=245760Kb used=18431Kb max_used=18473Kb free=227328Kb
 bounds [0x0000000002c70000, 0x0000000003eb0000, 0x0000000011c70000]
 total_blobs=6472 nmethods=5666 adapters=716
 compilation: enabled

Compilation events (10 events):
Event: 21.126 Thread 0x0000000015d18000 nmethod 6539 0x00000000034fb910 code [0x00000000034fbaa0, 0x00000000034fbee8]
Event: 21.176 Thread 0x0000000015d16800 nmethod 6414 0x0000000003e97a50 code [0x0000000003e980c0, 0x0000000003e9e418]
Event: 21.176 Thread 0x0000000015d16800 6515 %     4       org.codehaus.groovy.runtime.metaclass.MetaMethodIndex::resize @ 20 (103 bytes)
Event: 21.179 Thread 0x0000000015d16800 nmethod 6515% 0x0000000002fa2090 code [0x0000000002fa21e0, 0x0000000002fa2498]
Event: 21.180 Thread 0x0000000015d16800 6500       4       java.beans.MethodRef::set (58 bytes)
Event: 21.182 Thread 0x0000000015d16800 nmethod 6500 0x0000000003a1f790 code [0x0000000003a1f900, 0x0000000003a1fbe8]
Event: 21.183 Thread 0x0000000015d16800 6501       4       java.lang.reflect.Method::getTypeParameters (26 bytes)
Event: 21.189 Thread 0x0000000015d18000 6547       3       org.gradle.internal.file.FileHierarchySet$Node::isChildOfOrThis (110 bytes)
Event: 21.190 Thread 0x0000000015d18000 nmethod 6547 0x0000000003a2cf90 code [0x0000000003a2d1a0, 0x0000000003a2df48]
Event: 21.194 Thread 0x0000000015d16800 nmethod 6501 0x0000000003027090 code [0x00000000030272a0, 0x0000000003027c60]

GC Heap History (10 events):
Event: 16.639 GC heap before
{Heap before GC invocations=12 (full 2):
 PSYoungGen      total 103424K, used 98367K [0x00000000f5580000, 0x00000000fdc80000, 0x0000000100000000)
  eden space 90624K, 100% used [0x00000000f5580000,0x00000000fae00000,0x00000000fae00000)
  from space 12800K, 60% used [0x00000000fae00000,0x00000000fb58ffe8,0x00000000fba80000)
  to   space 12288K, 0% used [0x00000000fd080000,0x00000000fd080000,0x00000000fdc80000)
 ParOldGen       total 175104K, used 15293K [0x00000000e0000000, 0x00000000eab00000, 0x00000000f5580000)
  object space 175104K, 8% used [0x00000000e0000000,0x00000000e0eef688,0x00000000eab00000)
 Metaspace       used 47980K, capacity 50844K, committed 51072K, reserved 1093632K
  class space    used 6928K, capacity 7482K, committed 7552K, reserved 1048576K
Event: 16.648 GC heap after
Heap after GC invocations=12 (full 2):
 PSYoungGen      total 124416K, used 12266K [0x00000000f5580000, 0x00000000fde00000, 0x0000000100000000)
  eden space 112128K, 0% used [0x00000000f5580000,0x00000000f5580000,0x00000000fc300000)
  from space 12288K, 99% used [0x00000000fd080000,0x00000000fdc7aba0,0x00000000fdc80000)
  to   space 13824K, 0% used [0x00000000fc300000,0x00000000fc300000,0x00000000fd080000)
 ParOldGen       total 175104K, used 15784K [0x00000000e0000000, 0x00000000eab00000, 0x00000000f5580000)
  object space 175104K, 9% used [0x00000000e0000000,0x00000000e0f6a0f8,0x00000000eab00000)
 Metaspace       used 47980K, capacity 50844K, committed 51072K, reserved 1093632K
  class space    used 6928K, capacity 7482K, committed 7552K, reserved 1048576K
}
Event: 18.038 GC heap before
{Heap before GC invocations=13 (full 2):
 PSYoungGen      total 124416K, used 124394K [0x00000000f5580000, 0x00000000fde00000, 0x0000000100000000)
  eden space 112128K, 100% used [0x00000000f5580000,0x00000000fc300000,0x00000000fc300000)
  from space 12288K, 99% used [0x00000000fd080000,0x00000000fdc7aba0,0x00000000fdc80000)
  to   space 13824K, 0% used [0x00000000fc300000,0x00000000fc300000,0x00000000fd080000)
 ParOldGen       total 175104K, used 15784K [0x00000000e0000000, 0x00000000eab00000, 0x00000000f5580000)
  object space 175104K, 9% used [0x00000000e0000000,0x00000000e0f6a0f8,0x00000000eab00000)
 Metaspace       used 53172K, capacity 56218K, committed 56320K, reserved 1097728K
  class space    used 7608K, capacity 8156K, committed 8192K, reserved 1048576K
Event: 18.049 GC heap after
Heap after GC invocations=13 (full 2):
 PSYoungGen      total 125952K, used 13794K [0x00000000f5580000, 0x00000000fff80000, 0x0000000100000000)
  eden space 112128K, 0% used [0x00000000f5580000,0x00000000f5580000,0x00000000fc300000)
  from space 13824K, 99% used [0x00000000fc300000,0x00000000fd078a00,0x00000000fd080000)
  to   space 16384K, 0% used [0x00000000fef80000,0x00000000fef80000,0x00000000fff80000)
 ParOldGen       total 175104K, used 18710K [0x00000000e0000000, 0x00000000eab00000, 0x00000000f5580000)
  object space 175104K, 10% used [0x00000000e0000000,0x00000000e1245828,0x00000000eab00000)
 Metaspace       used 53172K, capacity 56218K, committed 56320K, reserved 1097728K
  class space    used 7608K, capacity 8156K, committed 8192K, reserved 1048576K
}
Event: 18.474 GC heap before
{Heap before GC invocations=14 (full 2):
 PSYoungGen      total 125952K, used 43979K [0x00000000f5580000, 0x00000000fff80000, 0x0000000100000000)
  eden space 112128K, 26% used [0x00000000f5580000,0x00000000f72fa208,0x00000000fc300000)
  from space 13824K, 99% used [0x00000000fc300000,0x00000000fd078a00,0x00000000fd080000)
  to   space 16384K, 0% used [0x00000000fef80000,0x00000000fef80000,0x00000000fff80000)
 ParOldGen       total 175104K, used 18710K [0x00000000e0000000, 0x00000000eab00000, 0x00000000f5580000)
  object space 175104K, 10% used [0x00000000e0000000,0x00000000e1245828,0x00000000eab00000)
 Metaspace       used 55574K, capacity 59110K, committed 59136K, reserved 1099776K
  class space    used 8070K, capacity 8683K, committed 8704K, reserved 1048576K
Event: 18.484 GC heap after
Heap after GC invocations=14 (full 2):
 PSYoungGen      total 156160K, used 14722K [0x00000000f5580000, 0x0000000100000000, 0x0000000100000000)
  eden space 139776K, 0% used [0x00000000f5580000,0x00000000f5580000,0x00000000fde00000)
  from space 16384K, 89% used [0x00000000fef80000,0x00000000ffde0a30,0x00000000fff80000)
  to   space 17408K, 0% used [0x00000000fde00000,0x00000000fde00000,0x00000000fef00000)
 ParOldGen       total 175104K, used 18718K [0x00000000e0000000, 0x00000000eab00000, 0x00000000f5580000)
  object space 175104K, 10% used [0x00000000e0000000,0x00000000e1247828,0x00000000eab00000)
 Metaspace       used 55574K, capacity 59110K, committed 59136K, reserved 1099776K
  class space    used 8070K, capacity 8683K, committed 8704K, reserved 1048576K
}
Event: 18.484 GC heap before
{Heap before GC invocations=15 (full 3):
 PSYoungGen      total 156160K, used 14722K [0x00000000f5580000, 0x0000000100000000, 0x0000000100000000)
  eden space 139776K, 0% used [0x00000000f5580000,0x00000000f5580000,0x00000000fde00000)
  from space 16384K, 89% used [0x00000000fef80000,0x00000000ffde0a30,0x00000000fff80000)
  to   space 17408K, 0% used [0x00000000fde00000,0x00000000fde00000,0x00000000fef00000)
 ParOldGen       total 175104K, used 18718K [0x00000000e0000000, 0x00000000eab00000, 0x00000000f5580000)
  object space 175104K, 10% used [0x00000000e0000000,0x00000000e1247828,0x00000000eab00000)
 Metaspace       used 55574K, capacity 59110K, committed 59136K, reserved 1099776K
  class space    used 8070K, capacity 8683K, committed 8704K, reserved 1048576K
Event: 18.628 GC heap after
Heap after GC invocations=15 (full 3):
 PSYoungGen      total 156160K, used 0K [0x00000000f5580000, 0x0000000100000000, 0x0000000100000000)
  eden space 139776K, 0% used [0x00000000f5580000,0x00000000f5580000,0x00000000fde00000)
  from space 16384K, 0% used [0x00000000fef80000,0x00000000fef80000,0x00000000fff80000)
  to   space 17408K, 0% used [0x00000000fde00000,0x00000000fde00000,0x00000000fef00000)
 ParOldGen       total 175104K, used 27845K [0x00000000e0000000, 0x00000000eab00000, 0x00000000f5580000)
  object space 175104K, 15% used [0x00000000e0000000,0x00000000e1b31518,0x00000000eab00000)
 Metaspace       used 55428K, capacity 58624K, committed 59136K, reserved 1099776K
  class space    used 8024K, capacity 8602K, committed 8704K, reserved 1048576K
}
Event: 20.461 GC heap before
{Heap before GC invocations=16 (full 3):
 PSYoungGen      total 156160K, used 139776K [0x00000000f5580000, 0x0000000100000000, 0x0000000100000000)
  eden space 139776K, 100% used [0x00000000f5580000,0x00000000fde00000,0x00000000fde00000)
  from space 16384K, 0% used [0x00000000fef80000,0x00000000fef80000,0x00000000fff80000)
  to   space 17408K, 0% used [0x00000000fde00000,0x00000000fde00000,0x00000000fef00000)
 ParOldGen       total 175104K, used 27845K [0x00000000e0000000, 0x00000000eab00000, 0x00000000f5580000)
  object space 175104K, 15% used [0x00000000e0000000,0x00000000e1b31518,0x00000000eab00000)
 Metaspace       used 59538K, capacity 63082K, committed 63232K, reserved 1103872K
  class space    used 8583K, capacity 9197K, committed 9216K, reserved 1048576K
Event: 20.467 GC heap after
Heap after GC invocations=16 (full 3):
 PSYoungGen      total 157184K, used 7082K [0x00000000f5580000, 0x0000000100000000, 0x0000000100000000)
  eden space 139776K, 0% used [0x00000000f5580000,0x00000000f5580000,0x00000000fde00000)
  from space 17408K, 40% used [0x00000000fde00000,0x00000000fe4eab98,0x00000000fef00000)
  to   space 17408K, 0% used [0x00000000fef00000,0x00000000fef00000,0x0000000100000000)
 ParOldGen       total 175104K, used 27853K [0x00000000e0000000, 0x00000000eab00000, 0x00000000f5580000)
  object space 175104K, 15% used [0x00000000e0000000,0x00000000e1b33518,0x00000000eab00000)
 Metaspace       used 59538K, capacity 63082K, committed 63232K, reserved 1103872K
  class space    used 8583K, capacity 9197K, committed 9216K, reserved 1048576K
}

Deoptimization events (10 events):
Event: 20.999 Thread 0x00000000196fe000 Uncommon trap: reason=bimorphic action=maybe_recompile pc=0x0000000003833a30 method=java.util.Arrays.binarySearch0([Ljava/lang/Object;IILjava/lang/Object;Ljava/util/Comparator;)I @ 48
Event: 20.999 Thread 0x00000000196fe000 Uncommon trap: reason=bimorphic action=maybe_recompile pc=0x0000000003833a30 method=java.util.Arrays.binarySearch0([Ljava/lang/Object;IILjava/lang/Object;Ljava/util/Comparator;)I @ 48
Event: 20.999 Thread 0x00000000196fe000 Uncommon trap: reason=bimorphic action=maybe_recompile pc=0x0000000003833a30 method=java.util.Arrays.binarySearch0([Ljava/lang/Object;IILjava/lang/Object;Ljava/util/Comparator;)I @ 48
Event: 21.029 Thread 0x00000000196fe000 Uncommon trap: reason=unstable_if action=reinterpret pc=0x000000000378c05c method=org.codehaus.groovy.runtime.metaclass.MetaMethodIndex.copyNonPrivateNonNewMetaMethods(Lorg/codehaus/groovy/runtime/metaclass/MetaMethodIndex$Entry;Lorg/codehaus/groovy/runti
Event: 21.078 Thread 0x00000000196fe000 Uncommon trap: reason=class_check action=maybe_recompile pc=0x00000000039b6bd4 method=groovy.lang.MetaMethod.isStatic()Z @ 1
Event: 21.078 Thread 0x00000000196fe000 Uncommon trap: reason=class_check action=maybe_recompile pc=0x00000000039b6bd4 method=groovy.lang.MetaMethod.isStatic()Z @ 1
Event: 21.079 Thread 0x00000000196fe000 Uncommon trap: reason=bimorphic action=maybe_recompile pc=0x0000000003c23fec method=groovy.lang.MetaClassImpl.filterPropertyMethod(Ljava/lang/Object;ZZ)Ljava/lang/Object; @ 165
Event: 21.108 Thread 0x0000000023cde000 Uncommon trap: reason=unstable_if action=reinterpret pc=0x0000000003c0e494 method=java.util.Objects.equals(Ljava/lang/Object;Ljava/lang/Object;)Z @ 6
Event: 21.151 Thread 0x0000000023cde000 Uncommon trap: reason=unstable_if action=reinterpret pc=0x0000000003c06280 method=com.google.common.collect.RegularImmutableSet.contains(Ljava/lang/Object;)Z @ 10
Event: 21.152 Thread 0x0000000023cde000 Uncommon trap: reason=unstable_if action=reinterpret pc=0x0000000003cf9ab0 method=org.gradle.internal.file.FileHierarchySet$Node.isChildOfOrThis(Ljava/lang/String;I)Z @ 89

Classes redefined (0 events):
No events

Internal exceptions (10 events):
Event: 21.065 Thread 0x00000000196fe000 Exception <a 'java/lang/ClassNotFoundException': org/gradle/api/internal/tasks/testing/logging/DefaultTestLoggingContainerCustomizer> (0x00000000f9db02e0) thrown at [C:\re\workspace\8-2-build-windows-amd64-cygwin\jdk8u172\10810\hotspot\src\share\vm\classf
Event: 21.066 Thread 0x00000000196fe000 Exception <a 'java/lang/ClassNotFoundException': org/gradle/api/internal/tasks/testing/logging/DefaultTestLoggingContainer_DecoratedCustomizer> (0x00000000f9e443f8) thrown at [C:\re\workspace\8-2-build-windows-amd64-cygwin\jdk8u172\10810\hotspot\src\share
Event: 21.075 Thread 0x00000000196fe000 Exception <a 'java/lang/ClassNotFoundException': org/gradle/api/internal/tasks/DefaultTaskOutputsBeanInfo> (0x00000000f9f82578) thrown at [C:\re\workspace\8-2-build-windows-amd64-cygwin\jdk8u172\10810\hotspot\src\share\vm\classfile\systemDictionary.cpp, l
Event: 21.075 Thread 0x00000000196fe000 Exception <a 'java/lang/ClassNotFoundException': org/gradle/api/internal/tasks/DefaultTaskOutputsCustomizer> (0x00000000f9fa63c8) thrown at [C:\re\workspace\8-2-build-windows-amd64-cygwin\jdk8u172\10810\hotspot\src\share\vm\classfile\systemDictionary.cpp,
Event: 21.078 Thread 0x00000000196fe000 Exception <a 'java/lang/ClassNotFoundException': groovy/runtime/metaclass/[Ljava/lang/String;MetaClass> (0x00000000f9fdc508) thrown at [C:\re\workspace\8-2-build-windows-amd64-cygwin\jdk8u172\10810\hotspot\src\share\vm\prims\jni.cpp, line 735]
Event: 21.078 Thread 0x00000000196fe000 Exception <a 'java/lang/ClassNotFoundException': [Ljava/lang/String;BeanInfo> (0x00000000f9fe41d0) thrown at [C:\re\workspace\8-2-build-windows-amd64-cygwin\jdk8u172\10810\hotspot\src\share\vm\prims\jni.cpp, line 735]
Event: 21.078 Thread 0x00000000196fe000 Exception <a 'java/lang/ClassNotFoundException': [Ljava/lang/String;BeanInfo> (0x00000000f9fe4fb0) thrown at [C:\re\workspace\8-2-build-windows-amd64-cygwin\jdk8u172\10810\hotspot\src\share\vm\prims\jni.cpp, line 735]
Event: 21.078 Thread 0x00000000196fe000 Exception <a 'java/lang/ClassNotFoundException': [Ljava/lang/String;Customizer> (0x00000000f9fe5f68) thrown at [C:\re\workspace\8-2-build-windows-amd64-cygwin\jdk8u172\10810\hotspot\src\share\vm\prims\jni.cpp, line 735]
Event: 21.078 Thread 0x00000000196fe000 Exception <a 'java/lang/ClassNotFoundException': [Ljava/lang/String;Customizer> (0x00000000f9fe6d50) thrown at [C:\re\workspace\8-2-build-windows-amd64-cygwin\jdk8u172\10810\hotspot\src\share\vm\prims\jni.cpp, line 735]
Event: 21.151 Thread 0x0000000023cde000 Implicit null exception at 0x0000000003c060d7 to 0x0000000003c06269

Events (10 events):
Event: 21.157 loading class org/gradle/internal/watch/vfs/impl/WatchingVirtualFileSystem$3 done
Event: 21.158 loading class org/gradle/internal/snapshot/SnapshotHierarchy$NodeDiffListener
Event: 21.158 loading class org/gradle/internal/snapshot/SnapshotHierarchy$NodeDiffListener done
Event: 21.158 loading class org/gradle/internal/snapshot/SnapshotHierarchy
Event: 21.158 loading class org/gradle/internal/snapshot/SnapshotHierarchy done
Event: 21.158 loading class org/gradle/internal/snapshot/SnapshotHierarchy
Event: 21.158 loading class org/gradle/internal/snapshot/SnapshotHierarchy done
Event: 21.158 loading class org/gradle/internal/watch/vfs/impl/WatchingVirtualFileSystem$VfsChangeLoggingNodeDiffListener
Event: 21.158 loading class org/gradle/internal/watch/vfs/impl/WatchingVirtualFileSystem$VfsChangeLoggingNodeDiffListener done
Event: 21.176 Thread 0x0000000015d16800 flushing nmethod 0x0000000003c0a550


Dynamic libraries:
0x00007ff6da3f0000 - 0x00007ff6da427000 	C:\Program Files\Java\jdk1.8.0_172\bin\java.exe
0x00007fffe5d50000 - 0x00007fffe5f47000 	C:\WINDOWS\SYSTEM32\ntdll.dll
0x00007fffe4740000 - 0x00007fffe47fd000 	C:\WINDOWS\System32\KERNEL32.DLL
0x00007fffe3690000 - 0x00007fffe395d000 	C:\WINDOWS\System32\KERNELBASE.dll
0x00007fffe4aa0000 - 0x00007fffe4b4e000 	C:\WINDOWS\System32\ADVAPI32.dll
0x00007fffe4800000 - 0x00007fffe489e000 	C:\WINDOWS\System32\msvcrt.dll
0x00007fffe4d00000 - 0x00007fffe4d9c000 	C:\WINDOWS\System32\sechost.dll
0x00007fffe4b60000 - 0x00007fffe4c85000 	C:\WINDOWS\System32\RPCRT4.dll
0x00007fffe4900000 - 0x00007fffe4aa0000 	C:\WINDOWS\System32\USER32.dll
0x00007fffe3d80000 - 0x00007fffe3da2000 	C:\WINDOWS\System32\win32u.dll
0x00007fffe4010000 - 0x00007fffe403a000 	C:\WINDOWS\System32\GDI32.dll
0x00007fffe3a30000 - 0x00007fffe3b3b000 	C:\WINDOWS\System32\gdi32full.dll
0x00007fffe3990000 - 0x00007fffe3a2d000 	C:\WINDOWS\System32\msvcp_win.dll
0x00007fffe3590000 - 0x00007fffe3690000 	C:\WINDOWS\System32\ucrtbase.dll
0x00007fffcbdb0000 - 0x00007fffcc04a000 	C:\WINDOWS\WinSxS\amd64_microsoft.windows.common-controls_6595b64144ccf1df_6.0.19041.1110_none_60b5254171f9507e\COMCTL32.dll
0x00007fffe4040000 - 0x00007fffe4070000 	C:\WINDOWS\System32\IMM32.DLL
0x0000000068670000 - 0x0000000068742000 	C:\Program Files\Java\jdk1.8.0_172\jre\bin\msvcr100.dll
0x0000000067dc0000 - 0x0000000068663000 	C:\Program Files\Java\jdk1.8.0_172\jre\bin\server\jvm.dll
0x00007fffe46d0000 - 0x00007fffe46d8000 	C:\WINDOWS\System32\PSAPI.DLL
0x00007fffe08f0000 - 0x00007fffe08f9000 	C:\WINDOWS\SYSTEM32\WSOCK32.dll
0x00007fffd9950000 - 0x00007fffd9977000 	C:\WINDOWS\SYSTEM32\WINMM.dll
0x00007fffdd810000 - 0x00007fffdd81a000 	C:\WINDOWS\SYSTEM32\VERSION.dll
0x00007fffe4c90000 - 0x00007fffe4cfb000 	C:\WINDOWS\System32\WS2_32.dll
0x0000000069040000 - 0x000000006904f000 	C:\Program Files\Java\jdk1.8.0_172\jre\bin\verify.dll
0x0000000069010000 - 0x0000000069039000 	C:\Program Files\Java\jdk1.8.0_172\jre\bin\java.dll
0x0000000068ff0000 - 0x0000000069006000 	C:\Program Files\Java\jdk1.8.0_172\jre\bin\zip.dll
0x00007fffe55c0000 - 0x00007fffe5d04000 	C:\WINDOWS\System32\SHELL32.dll
0x00007fffdca60000 - 0x00007fffdd1f4000 	C:\WINDOWS\SYSTEM32\windows.storage.dll
0x00007fffe4da0000 - 0x00007fffe50f4000 	C:\WINDOWS\System32\combase.dll
0x00007fffe2df0000 - 0x00007fffe2e1c000 	C:\WINDOWS\SYSTEM32\Wldp.dll
0x00007fffe4070000 - 0x00007fffe411d000 	C:\WINDOWS\System32\SHCORE.dll
0x00007fffe48a0000 - 0x00007fffe48f5000 	C:\WINDOWS\System32\shlwapi.dll
0x00007fffe33b0000 - 0x00007fffe33cf000 	C:\WINDOWS\SYSTEM32\profapi.dll
0x0000000068fd0000 - 0x0000000068fea000 	C:\Program Files\Java\jdk1.8.0_172\jre\bin\net.dll
0x00007fffe2bd0000 - 0x00007fffe2c3a000 	C:\WINDOWS\system32\mswsock.dll
0x0000000068fb0000 - 0x0000000068fc1000 	C:\Program Files\Java\jdk1.8.0_172\jre\bin\nio.dll
0x00007fff985a0000 - 0x00007fff985c7000 	C:\Users\Nigmus\.gradle\native\e1d6ef7f7dcc3fd88c89a11ec53ec762bb8ba0a96d01ffa2cd45eb1d1d8dd5c5\windows-amd64\native-platform.dll
0x00007fff8a130000 - 0x00007fff8a274000 	C:\Users\Nigmus\.gradle\native\5664cfc778a61ccfe75a443a1ab52a65af34e5dc3c78e0209fed803814484fcb\windows-amd64\native-platform-file-events.dll
0x0000000068fa0000 - 0x0000000068fad000 	C:\Program Files\Java\jdk1.8.0_172\jre\bin\management.dll
0x00007fffe3130000 - 0x00007fffe3148000 	C:\WINDOWS\SYSTEM32\CRYPTSP.dll
0x00007fffe2500000 - 0x00007fffe2534000 	C:\WINDOWS\system32\rsaenh.dll
0x00007fffe3960000 - 0x00007fffe3987000 	C:\WINDOWS\System32\bcrypt.dll
0x00007fffe3370000 - 0x00007fffe339e000 	C:\WINDOWS\SYSTEM32\USERENV.dll
0x00007fffe3ca0000 - 0x00007fffe3d22000 	C:\WINDOWS\System32\bcryptprimitives.dll
0x00007fffe2d60000 - 0x00007fffe2d6c000 	C:\WINDOWS\SYSTEM32\CRYPTBASE.dll
0x00007fffe2890000 - 0x00007fffe28cb000 	C:\WINDOWS\SYSTEM32\IPHLPAPI.DLL
0x00007fffe4590000 - 0x00007fffe4598000 	C:\WINDOWS\System32\NSI.dll
0x00007fffdba80000 - 0x00007fffdba97000 	C:\WINDOWS\SYSTEM32\dhcpcsvc6.DLL
0x00007fffdba60000 - 0x00007fffdba7d000 	C:\WINDOWS\SYSTEM32\dhcpcsvc.DLL
0x00007fffe28e0000 - 0x00007fffe29ab000 	C:\WINDOWS\SYSTEM32\DNSAPI.dll

VM Arguments:
jvm_args: -XX:MaxMetaspaceSize=256m -XX:+HeapDumpOnOutOfMemoryError -Xms256m -Xmx512m -Dfile.encoding=windows-1251 -Duser.country=RU -Duser.language=ru -Duser.variant 
java_command: org.gradle.launcher.daemon.bootstrap.GradleDaemon 7.3.3
java_class_path (initial): C:\Users\Nigmus\.gradle\wrapper\dists\gradle-7.3.3-bin\6a41zxkdtcxs8rphpq6y0069z\gradle-7.3.3\lib\gradle-launcher-7.3.3.jar
Launcher Type: SUN_STANDARD

Environment Variables:
PATH=C:\Program Files\Microsoft MPI\Bin\;C:\Program Files (x86)\Common Files\Intel\Shared Libraries\redist\intel64\compiler;C:\WINDOWS\system32;C:\WINDOWS;C:\WINDOWS\System32\Wbem;C:\WINDOWS\System32\WindowsPowerShell\v1.0\;C:\Program Files\Microsoft SQL Server\130\Tools\Binn\;C:\Program Files (x86)\nodejs\;C:\WINDOWS\System32\OpenSSH\;C:\Program Files\dotnet\;C:\Users\Nigmus\.cargo\bin;C:\Users\Nigmus\AppData\Local\Programs\Microsoft VS Code\bin;C:\Users\Nigmus\AppData\Local\Microsoft\WindowsApps;
USERNAME=Nigmus
OS=Windows_NT
PROCESSOR_IDENTIFIER=Intel64 Family 6 Model 62 Stepping 4, GenuineIntel



---------------  S Y S T E M  ---------------

OS: Windows 10.0 , 64 bit Build 19041 (10.0.19041.1741)

CPU:total 12 (initial active 12) (6 cores per cpu, 2 threads per core) family 6 model 62 stepping 4, cmov, cx8, fxsr, mmx, sse, sse2, sse3, ssse3, sse4.1, sse4.2, popcnt, avx, aes, clmul, erms, ht, tsc, tscinvbit

Memory: 4k page, physical 16716804k(5296088k free), swap 16716804k(4296k free)

vm_info: Java HotSpot(TM) 64-Bit Server VM (25.172-b11) for windows-amd64 JRE (1.8.0_172-b11), built on Mar 28 2018 21:21:52 by "java_re" with MS VC++ 10.0 (VS2010)

time: Sat Jun 25 23:56:34 2022
elapsed time: 21 seconds (0d 0h 0m 21s)

